have_func: checking for random()... -------------------- yes

"/usr/bin/clang -o conftest -I/Users/adamkaplan/.rvm/rubies/ruby-2.0.0-p195/include/ruby-2.0.0/x86_64-darwin12.3.0 -I/Users/adamkaplan/.rvm/rubies/ruby-2.0.0-p195/include/ruby-2.0.0/ruby/backward -I/Users/adamkaplan/.rvm/rubies/ruby-2.0.0-p195/include/ruby-2.0.0 -I. -D_XOPEN_SOURCE -D_DARWIN_C_SOURCE -D_DARWIN_UNLIMITED_SELECT -D_REENTRANT -I/usr/local/opt/libyaml/include -I/usr/local/opt/readline/include -I/usr/local/opt/libksba/include -I/usr/local/opt/openssl/include    -O3 -fno-fast-math -ggdb3 -Wall -Wextra -Wno-unused-parameter -Wno-parentheses -Wno-long-long -Wno-missing-field-initializers -Wunused-variable -Wpointer-arith -Wwrite-strings -Wdeclaration-after-statement -Wshorten-64-to-32 -Wimplicit-function-declaration  -fno-common -pipe conftest.c  -L. -L/Users/adamkaplan/.rvm/rubies/ruby-2.0.0-p195/lib -L/usr/local/opt/libyaml/lib -L/usr/local/opt/readline/lib -L/usr/local/opt/libksba/lib -L/usr/local/opt/openssl/lib -L. -fstack-protector -L/usr/local/opt/libyaml/lib -L/usr/local/opt/readline/lib -L/usr/local/opt/libksba/lib -L/usr/local/opt/openssl/lib      -lruby.2.0.0  -lpthread -ldl -lobjc "
checked program was:
/* begin */
1: #include "ruby.h"
2: 
3: int main(int argc, char **argv)
4: {
5:   return 0;
6: }
/* end */

"/usr/bin/clang -o conftest -I/Users/adamkaplan/.rvm/rubies/ruby-2.0.0-p195/include/ruby-2.0.0/x86_64-darwin12.3.0 -I/Users/adamkaplan/.rvm/rubies/ruby-2.0.0-p195/include/ruby-2.0.0/ruby/backward -I/Users/adamkaplan/.rvm/rubies/ruby-2.0.0-p195/include/ruby-2.0.0 -I. -D_XOPEN_SOURCE -D_DARWIN_C_SOURCE -D_DARWIN_UNLIMITED_SELECT -D_REENTRANT -I/usr/local/opt/libyaml/include -I/usr/local/opt/readline/include -I/usr/local/opt/libksba/include -I/usr/local/opt/openssl/include    -O3 -fno-fast-math -ggdb3 -Wall -Wextra -Wno-unused-parameter -Wno-parentheses -Wno-long-long -Wno-missing-field-initializers -Wunused-variable -Wpointer-arith -Wwrite-strings -Wdeclaration-after-statement -Wshorten-64-to-32 -Wimplicit-function-declaration  -fno-common -pipe conftest.c  -L. -L/Users/adamkaplan/.rvm/rubies/ruby-2.0.0-p195/lib -L/usr/local/opt/libyaml/lib -L/usr/local/opt/readline/lib -L/usr/local/opt/libksba/lib -L/usr/local/opt/openssl/lib -L. -fstack-protector -L/usr/local/opt/libyaml/lib -L/usr/local/opt/readline/lib -L/usr/local/opt/libksba/lib -L/usr/local/opt/openssl/lib      -lruby.2.0.0  -lpthread -ldl -lobjc "
checked program was:
/* begin */
 1: #include "ruby.h"
 2: 
 3: /*top*/
 4: extern int t(void);
 5: int t(void) { void ((*volatile p)()); p = (void ((*)()))random; return 0; }
 6: int main(int argc, char **argv)
 7: {
 8:   if (argc > 1000000) {
 9:     printf("%p", &t);
10:   }
11: 
12:   return 0;
13: }
/* end */

--------------------

have_func: checking for srandom()... -------------------- yes

"/usr/bin/clang -o conftest -I/Users/adamkaplan/.rvm/rubies/ruby-2.0.0-p195/include/ruby-2.0.0/x86_64-darwin12.3.0 -I/Users/adamkaplan/.rvm/rubies/ruby-2.0.0-p195/include/ruby-2.0.0/ruby/backward -I/Users/adamkaplan/.rvm/rubies/ruby-2.0.0-p195/include/ruby-2.0.0 -I. -D_XOPEN_SOURCE -D_DARWIN_C_SOURCE -D_DARWIN_UNLIMITED_SELECT -D_REENTRANT -I/usr/local/opt/libyaml/include -I/usr/local/opt/readline/include -I/usr/local/opt/libksba/include -I/usr/local/opt/openssl/include    -O3 -fno-fast-math -ggdb3 -Wall -Wextra -Wno-unused-parameter -Wno-parentheses -Wno-long-long -Wno-missing-field-initializers -Wunused-variable -Wpointer-arith -Wwrite-strings -Wdeclaration-after-statement -Wshorten-64-to-32 -Wimplicit-function-declaration  -fno-common -pipe conftest.c  -L. -L/Users/adamkaplan/.rvm/rubies/ruby-2.0.0-p195/lib -L/usr/local/opt/libyaml/lib -L/usr/local/opt/readline/lib -L/usr/local/opt/libksba/lib -L/usr/local/opt/openssl/lib -L. -fstack-protector -L/usr/local/opt/libyaml/lib -L/usr/local/opt/readline/lib -L/usr/local/opt/libksba/lib -L/usr/local/opt/openssl/lib      -lruby.2.0.0  -lpthread -ldl -lobjc "
checked program was:
/* begin */
 1: #include "ruby.h"
 2: 
 3: /*top*/
 4: extern int t(void);
 5: int t(void) { void ((*volatile p)()); p = (void ((*)()))srandom; return 0; }
 6: int main(int argc, char **argv)
 7: {
 8:   if (argc > 1000000) {
 9:     printf("%p", &t);
10:   }
11: 
12:   return 0;
13: }
/* end */

--------------------

have_func: checking for rand()... -------------------- yes

"/usr/bin/clang -o conftest -I/Users/adamkaplan/.rvm/rubies/ruby-2.0.0-p195/include/ruby-2.0.0/x86_64-darwin12.3.0 -I/Users/adamkaplan/.rvm/rubies/ruby-2.0.0-p195/include/ruby-2.0.0/ruby/backward -I/Users/adamkaplan/.rvm/rubies/ruby-2.0.0-p195/include/ruby-2.0.0 -I. -D_XOPEN_SOURCE -D_DARWIN_C_SOURCE -D_DARWIN_UNLIMITED_SELECT -D_REENTRANT -I/usr/local/opt/libyaml/include -I/usr/local/opt/readline/include -I/usr/local/opt/libksba/include -I/usr/local/opt/openssl/include    -O3 -fno-fast-math -ggdb3 -Wall -Wextra -Wno-unused-parameter -Wno-parentheses -Wno-long-long -Wno-missing-field-initializers -Wunused-variable -Wpointer-arith -Wwrite-strings -Wdeclaration-after-statement -Wshorten-64-to-32 -Wimplicit-function-declaration  -fno-common -pipe conftest.c  -L. -L/Users/adamkaplan/.rvm/rubies/ruby-2.0.0-p195/lib -L/usr/local/opt/libyaml/lib -L/usr/local/opt/readline/lib -L/usr/local/opt/libksba/lib -L/usr/local/opt/openssl/lib -L. -fstack-protector -L/usr/local/opt/libyaml/lib -L/usr/local/opt/readline/lib -L/usr/local/opt/libksba/lib -L/usr/local/opt/openssl/lib      -lruby.2.0.0  -lpthread -ldl -lobjc "
checked program was:
/* begin */
 1: #include "ruby.h"
 2: 
 3: /*top*/
 4: extern int t(void);
 5: int t(void) { void ((*volatile p)()); p = (void ((*)()))rand; return 0; }
 6: int main(int argc, char **argv)
 7: {
 8:   if (argc > 1000000) {
 9:     printf("%p", &t);
10:   }
11: 
12:   return 0;
13: }
/* end */

--------------------

have_func: checking for srand()... -------------------- yes

"/usr/bin/clang -o conftest -I/Users/adamkaplan/.rvm/rubies/ruby-2.0.0-p195/include/ruby-2.0.0/x86_64-darwin12.3.0 -I/Users/adamkaplan/.rvm/rubies/ruby-2.0.0-p195/include/ruby-2.0.0/ruby/backward -I/Users/adamkaplan/.rvm/rubies/ruby-2.0.0-p195/include/ruby-2.0.0 -I. -D_XOPEN_SOURCE -D_DARWIN_C_SOURCE -D_DARWIN_UNLIMITED_SELECT -D_REENTRANT -I/usr/local/opt/libyaml/include -I/usr/local/opt/readline/include -I/usr/local/opt/libksba/include -I/usr/local/opt/openssl/include    -O3 -fno-fast-math -ggdb3 -Wall -Wextra -Wno-unused-parameter -Wno-parentheses -Wno-long-long -Wno-missing-field-initializers -Wunused-variable -Wpointer-arith -Wwrite-strings -Wdeclaration-after-statement -Wshorten-64-to-32 -Wimplicit-function-declaration  -fno-common -pipe conftest.c  -L. -L/Users/adamkaplan/.rvm/rubies/ruby-2.0.0-p195/lib -L/usr/local/opt/libyaml/lib -L/usr/local/opt/readline/lib -L/usr/local/opt/libksba/lib -L/usr/local/opt/openssl/lib -L. -fstack-protector -L/usr/local/opt/libyaml/lib -L/usr/local/opt/readline/lib -L/usr/local/opt/libksba/lib -L/usr/local/opt/openssl/lib      -lruby.2.0.0  -lpthread -ldl -lobjc "
checked program was:
/* begin */
 1: #include "ruby.h"
 2: 
 3: /*top*/
 4: extern int t(void);
 5: int t(void) { void ((*volatile p)()); p = (void ((*)()))srand; return 0; }
 6: int main(int argc, char **argv)
 7: {
 8:   if (argc > 1000000) {
 9:     printf("%p", &t);
10:   }
11: 
12:   return 0;
13: }
/* end */

--------------------

check_sizeof: checking size of unsigned long... -------------------- 8

"/usr/bin/clang -I/Users/adamkaplan/.rvm/rubies/ruby-2.0.0-p195/include/ruby-2.0.0/x86_64-darwin12.3.0 -I/Users/adamkaplan/.rvm/rubies/ruby-2.0.0-p195/include/ruby-2.0.0/ruby/backward -I/Users/adamkaplan/.rvm/rubies/ruby-2.0.0-p195/include/ruby-2.0.0 -I. -D_XOPEN_SOURCE -D_DARWIN_C_SOURCE -D_DARWIN_UNLIMITED_SELECT -D_REENTRANT -I/usr/local/opt/libyaml/include -I/usr/local/opt/readline/include -I/usr/local/opt/libksba/include -I/usr/local/opt/openssl/include    -O3 -fno-fast-math -ggdb3 -Wall -Wextra -Wno-unused-parameter -Wno-parentheses -Wno-long-long -Wno-missing-field-initializers -Wunused-variable -Wpointer-arith -Wwrite-strings -Wdeclaration-after-statement -Wshorten-64-to-32 -Wimplicit-function-declaration  -fno-common -pipe   -c conftest.c"
conftest.c:7:20: error: 'conftest_const' declared as an array with a negative size
int conftest_const[(sizeof((*rbcv_ptr_)) < 0) ? 1 : -1];
                   ^~~~~~~~~~~~~~~~~~~~~~~~~~~~~~~~~~~
1 error generated.
checked program was:
/* begin */
1: #include "ruby.h"
2: 
3: typedef unsigned long rbcv_typedef_;
4: static rbcv_typedef_ *rbcv_ptr_;
5: 
6: /*top*/
7: int conftest_const[(sizeof((*rbcv_ptr_)) < 0) ? 1 : -1];
/* end */

"/usr/bin/clang -o conftest -I/Users/adamkaplan/.rvm/rubies/ruby-2.0.0-p195/include/ruby-2.0.0/x86_64-darwin12.3.0 -I/Users/adamkaplan/.rvm/rubies/ruby-2.0.0-p195/include/ruby-2.0.0/ruby/backward -I/Users/adamkaplan/.rvm/rubies/ruby-2.0.0-p195/include/ruby-2.0.0 -I. -D_XOPEN_SOURCE -D_DARWIN_C_SOURCE -D_DARWIN_UNLIMITED_SELECT -D_REENTRANT -I/usr/local/opt/libyaml/include -I/usr/local/opt/readline/include -I/usr/local/opt/libksba/include -I/usr/local/opt/openssl/include    -O3 -fno-fast-math -ggdb3 -Wall -Wextra -Wno-unused-parameter -Wno-parentheses -Wno-long-long -Wno-missing-field-initializers -Wunused-variable -Wpointer-arith -Wwrite-strings -Wdeclaration-after-statement -Wshorten-64-to-32 -Wimplicit-function-declaration  -fno-common -pipe conftest.c  -L. -L/Users/adamkaplan/.rvm/rubies/ruby-2.0.0-p195/lib -L/usr/local/opt/libyaml/lib -L/usr/local/opt/readline/lib -L/usr/local/opt/libksba/lib -L/usr/local/opt/openssl/lib -L. -fstack-protector -L/usr/local/opt/libyaml/lib -L/usr/local/opt/readline/lib -L/usr/local/opt/libksba/lib -L/usr/local/opt/openssl/lib      -lruby.2.0.0  -lpthread -ldl -lobjc "
conftest.c:4:23: warning: variable 'rbcv_ptr_' is not needed and will not be emitted [-Wunneeded-internal-declaration]
static rbcv_typedef_ *rbcv_ptr_;
                      ^
1 warning generated.
checked program was:
/* begin */
 1: #include "ruby.h"
 2: 
 3: typedef unsigned long rbcv_typedef_;
 4: static rbcv_typedef_ *rbcv_ptr_;
 5: 
 6: #include <stdio.h>
 7: /*top*/
 8: typedef unsigned
 9: #ifdef PRI_LL_PREFIX
10: #define PRI_CONFTEST_PREFIX PRI_LL_PREFIX
11: LONG_LONG
12: #else
13: #define PRI_CONFTEST_PREFIX "l"
14: long
15: #endif
16: conftest_type;
17: conftest_type conftest_const = (conftest_type)(sizeof((*rbcv_ptr_)));
18: int main() {printf("%"PRI_CONFTEST_PREFIX"u\n", conftest_const); return 0;}
/* end */

./conftest |
--------------------

check_sizeof: checking size of unsigned int... -------------------- 4

"/usr/bin/clang -I/Users/adamkaplan/.rvm/rubies/ruby-2.0.0-p195/include/ruby-2.0.0/x86_64-darwin12.3.0 -I/Users/adamkaplan/.rvm/rubies/ruby-2.0.0-p195/include/ruby-2.0.0/ruby/backward -I/Users/adamkaplan/.rvm/rubies/ruby-2.0.0-p195/include/ruby-2.0.0 -I. -D_XOPEN_SOURCE -D_DARWIN_C_SOURCE -D_DARWIN_UNLIMITED_SELECT -D_REENTRANT -I/usr/local/opt/libyaml/include -I/usr/local/opt/readline/include -I/usr/local/opt/libksba/include -I/usr/local/opt/openssl/include    -O3 -fno-fast-math -ggdb3 -Wall -Wextra -Wno-unused-parameter -Wno-parentheses -Wno-long-long -Wno-missing-field-initializers -Wunused-variable -Wpointer-arith -Wwrite-strings -Wdeclaration-after-statement -Wshorten-64-to-32 -Wimplicit-function-declaration  -fno-common -pipe   -c conftest.c"
conftest.c:7:20: error: 'conftest_const' declared as an array with a negative size
int conftest_const[(sizeof((*rbcv_ptr_)) < 0) ? 1 : -1];
                   ^~~~~~~~~~~~~~~~~~~~~~~~~~~~~~~~~~~
1 error generated.
checked program was:
/* begin */
1: #include "ruby.h"
2: 
3: typedef unsigned int rbcv_typedef_;
4: static rbcv_typedef_ *rbcv_ptr_;
5: 
6: /*top*/
7: int conftest_const[(sizeof((*rbcv_ptr_)) < 0) ? 1 : -1];
/* end */

"/usr/bin/clang -o conftest -I/Users/adamkaplan/.rvm/rubies/ruby-2.0.0-p195/include/ruby-2.0.0/x86_64-darwin12.3.0 -I/Users/adamkaplan/.rvm/rubies/ruby-2.0.0-p195/include/ruby-2.0.0/ruby/backward -I/Users/adamkaplan/.rvm/rubies/ruby-2.0.0-p195/include/ruby-2.0.0 -I. -D_XOPEN_SOURCE -D_DARWIN_C_SOURCE -D_DARWIN_UNLIMITED_SELECT -D_REENTRANT -I/usr/local/opt/libyaml/include -I/usr/local/opt/readline/include -I/usr/local/opt/libksba/include -I/usr/local/opt/openssl/include    -O3 -fno-fast-math -ggdb3 -Wall -Wextra -Wno-unused-parameter -Wno-parentheses -Wno-long-long -Wno-missing-field-initializers -Wunused-variable -Wpointer-arith -Wwrite-strings -Wdeclaration-after-statement -Wshorten-64-to-32 -Wimplicit-function-declaration  -fno-common -pipe conftest.c  -L. -L/Users/adamkaplan/.rvm/rubies/ruby-2.0.0-p195/lib -L/usr/local/opt/libyaml/lib -L/usr/local/opt/readline/lib -L/usr/local/opt/libksba/lib -L/usr/local/opt/openssl/lib -L. -fstack-protector -L/usr/local/opt/libyaml/lib -L/usr/local/opt/readline/lib -L/usr/local/opt/libksba/lib -L/usr/local/opt/openssl/lib      -lruby.2.0.0  -lpthread -ldl -lobjc "
conftest.c:4:23: warning: variable 'rbcv_ptr_' is not needed and will not be emitted [-Wunneeded-internal-declaration]
static rbcv_typedef_ *rbcv_ptr_;
                      ^
1 warning generated.
checked program was:
/* begin */
 1: #include "ruby.h"
 2: 
 3: typedef unsigned int rbcv_typedef_;
 4: static rbcv_typedef_ *rbcv_ptr_;
 5: 
 6: #include <stdio.h>
 7: /*top*/
 8: typedef unsigned
 9: #ifdef PRI_LL_PREFIX
10: #define PRI_CONFTEST_PREFIX PRI_LL_PREFIX
11: LONG_LONG
12: #else
13: #define PRI_CONFTEST_PREFIX "l"
14: long
15: #endif
16: conftest_type;
17: conftest_type conftest_const = (conftest_type)(sizeof((*rbcv_ptr_)));
18: int main() {printf("%"PRI_CONFTEST_PREFIX"u\n", conftest_const); return 0;}
/* end */

./conftest |
--------------------

check_sizeof: checking size of unsigned int... -------------------- 4

"/usr/bin/clang -I/Users/adamkaplan/.rvm/rubies/ruby-2.0.0-p195/include/ruby-2.0.0/x86_64-darwin12.3.0 -I/Users/adamkaplan/.rvm/rubies/ruby-2.0.0-p195/include/ruby-2.0.0/ruby/backward -I/Users/adamkaplan/.rvm/rubies/ruby-2.0.0-p195/include/ruby-2.0.0 -I. -D_XOPEN_SOURCE -D_DARWIN_C_SOURCE -D_DARWIN_UNLIMITED_SELECT -D_REENTRANT -I/usr/local/opt/libyaml/include -I/usr/local/opt/readline/include -I/usr/local/opt/libksba/include -I/usr/local/opt/openssl/include    -O3 -fno-fast-math -ggdb3 -Wall -Wextra -Wno-unused-parameter -Wno-parentheses -Wno-long-long -Wno-missing-field-initializers -Wunused-variable -Wpointer-arith -Wwrite-strings -Wdeclaration-after-statement -Wshorten-64-to-32 -Wimplicit-function-declaration  -fno-common -pipe   -c conftest.c"
conftest.c:7:20: error: 'conftest_const' declared as an array with a negative size
int conftest_const[(sizeof((*rbcv_ptr_)) < 0) ? 1 : -1];
                   ^~~~~~~~~~~~~~~~~~~~~~~~~~~~~~~~~~~
1 error generated.
checked program was:
/* begin */
1: #include "ruby.h"
2: 
3: typedef unsigned int rbcv_typedef_;
4: static rbcv_typedef_ *rbcv_ptr_;
5: 
6: /*top*/
7: int conftest_const[(sizeof((*rbcv_ptr_)) < 0) ? 1 : -1];
/* end */

"/usr/bin/clang -o conftest -I/Users/adamkaplan/.rvm/rubies/ruby-2.0.0-p195/include/ruby-2.0.0/x86_64-darwin12.3.0 -I/Users/adamkaplan/.rvm/rubies/ruby-2.0.0-p195/include/ruby-2.0.0/ruby/backward -I/Users/adamkaplan/.rvm/rubies/ruby-2.0.0-p195/include/ruby-2.0.0 -I. -D_XOPEN_SOURCE -D_DARWIN_C_SOURCE -D_DARWIN_UNLIMITED_SELECT -D_REENTRANT -I/usr/local/opt/libyaml/include -I/usr/local/opt/readline/include -I/usr/local/opt/libksba/include -I/usr/local/opt/openssl/include    -O3 -fno-fast-math -ggdb3 -Wall -Wextra -Wno-unused-parameter -Wno-parentheses -Wno-long-long -Wno-missing-field-initializers -Wunused-variable -Wpointer-arith -Wwrite-strings -Wdeclaration-after-statement -Wshorten-64-to-32 -Wimplicit-function-declaration  -fno-common -pipe conftest.c  -L. -L/Users/adamkaplan/.rvm/rubies/ruby-2.0.0-p195/lib -L/usr/local/opt/libyaml/lib -L/usr/local/opt/readline/lib -L/usr/local/opt/libksba/lib -L/usr/local/opt/openssl/lib -L. -fstack-protector -L/usr/local/opt/libyaml/lib -L/usr/local/opt/readline/lib -L/usr/local/opt/libksba/lib -L/usr/local/opt/openssl/lib      -lruby.2.0.0  -lpthread -ldl -lobjc "
conftest.c:4:23: warning: variable 'rbcv_ptr_' is not needed and will not be emitted [-Wunneeded-internal-declaration]
static rbcv_typedef_ *rbcv_ptr_;
                      ^
1 warning generated.
checked program was:
/* begin */
 1: #include "ruby.h"
 2: 
 3: typedef unsigned int rbcv_typedef_;
 4: static rbcv_typedef_ *rbcv_ptr_;
 5: 
 6: #include <stdio.h>
 7: /*top*/
 8: typedef unsigned
 9: #ifdef PRI_LL_PREFIX
10: #define PRI_CONFTEST_PREFIX PRI_LL_PREFIX
11: LONG_LONG
12: #else
13: #define PRI_CONFTEST_PREFIX "l"
14: long
15: #endif
16: conftest_type;
17: conftest_type conftest_const = (conftest_type)(sizeof((*rbcv_ptr_)));
18: int main() {printf("%"PRI_CONFTEST_PREFIX"u\n", conftest_const); return 0;}
/* end */

./conftest |
--------------------

